开始监控 GitHub Actions 工作流...
===================================
检查时间: Fri Jan 30 20:20:08 CST 2026
暂无运行记录。工作流预计每小时运行一次。
下次检查将在 15 分钟后进行...
===================================
检查时间: Fri Jan 30 20:35:09 CST 2026
找到 5 个最近的运行:
- ID: 21515981984, Name: Auto Translate OpenClaw Docs, Status: completed, Conclusion: failure, Created: 2026-01-30T12:34:23Z
- ID: 21515920145, Name: .github/workflows/auto-translate.yml, Status: completed, Conclusion: failure, Created: 2026-01-30T12:32:06Z
- ID: 21515773493, Name: .github/workflows/auto-translate.yml, Status: completed, Conclusion: failure, Created: 2026-01-30T12:26:31Z
- ID: 21515734580, Name: Auto Translate OpenClaw Docs, Status: completed, Conclusion: failure, Created: 2026-01-30T12:25:02Z
- ID: 21515685202, Name: Auto Translate OpenClaw Docs, Status: completed, Conclusion: failure, Created: 2026-01-30T12:23:16Z
⚠️ 发现失败的运行!
获取失败运行 21515981984 的详细信息...
  - Job: translate-docs, Conclusion: failure
获取失败运行 21515920145 的详细信息...
获取失败运行 21515773493 的详细信息...
获取失败运行 21515734580 的详细信息...
  - Job: translate-docs, Conclusion: failure
获取失败运行 21515685202 的详细信息...
  - Job: translate-docs, Conclusion: failure
下次检查将在 15 分钟后进行...
===================================
检查时间: Fri Jan 30 20:50:24 CST 2026
找到 5 个最近的运行:
- ID: 21516280195, Name: Auto Translate OpenClaw Docs, Status: in_progress, Conclusion: null, Created: 2026-01-30T12:45:33Z
- ID: 21516232710, Name: Auto Translate OpenClaw Docs, Status: completed, Conclusion: failure, Created: 2026-01-30T12:43:48Z
- ID: 21515981984, Name: Auto Translate OpenClaw Docs, Status: completed, Conclusion: failure, Created: 2026-01-30T12:34:23Z
- ID: 21515920145, Name: .github/workflows/auto-translate.yml, Status: completed, Conclusion: failure, Created: 2026-01-30T12:32:06Z
- ID: 21515773493, Name: .github/workflows/auto-translate.yml, Status: completed, Conclusion: failure, Created: 2026-01-30T12:26:31Z
⚠️ 发现失败的运行!
获取失败运行 21516232710 的详细信息...
  - Job: translate-docs, Conclusion: failure
获取失败运行 21515981984 的详细信息...
  - Job: translate-docs, Conclusion: failure
获取失败运行 21515920145 的详细信息...
获取失败运行 21515773493 的详细信息...
下次检查将在 15 分钟后进行...
===================================
检查时间: Fri Jan 30 21:05:34 CST 2026
找到 5 个最近的运行:
- ID: 21516280195, Name: Auto Translate OpenClaw Docs, Status: in_progress, Conclusion: null, Created: 2026-01-30T12:45:33Z
- ID: 21516232710, Name: Auto Translate OpenClaw Docs, Status: completed, Conclusion: failure, Created: 2026-01-30T12:43:48Z
- ID: 21515981984, Name: Auto Translate OpenClaw Docs, Status: completed, Conclusion: failure, Created: 2026-01-30T12:34:23Z
- ID: 21515920145, Name: .github/workflows/auto-translate.yml, Status: completed, Conclusion: failure, Created: 2026-01-30T12:32:06Z
- ID: 21515773493, Name: .github/workflows/auto-translate.yml, Status: completed, Conclusion: failure, Created: 2026-01-30T12:26:31Z
⚠️ 发现失败的运行!
获取失败运行 21516232710 的详细信息...
  - Job: translate-docs, Conclusion: failure
获取失败运行 21515981984 的详细信息...
  - Job: translate-docs, Conclusion: failure
获取失败运行 21515920145 的详细信息...
获取失败运行 21515773493 的详细信息...
下次检查将在 15 分钟后进行...
===================================
检查时间: Fri Jan 30 21:20:45 CST 2026
找到 5 个最近的运行:
- ID: 21516280195, Name: Auto Translate OpenClaw Docs, Status: in_progress, Conclusion: null, Created: 2026-01-30T12:45:33Z
- ID: 21516232710, Name: Auto Translate OpenClaw Docs, Status: completed, Conclusion: failure, Created: 2026-01-30T12:43:48Z
- ID: 21515981984, Name: Auto Translate OpenClaw Docs, Status: completed, Conclusion: failure, Created: 2026-01-30T12:34:23Z
- ID: 21515920145, Name: .github/workflows/auto-translate.yml, Status: completed, Conclusion: failure, Created: 2026-01-30T12:32:06Z
- ID: 21515773493, Name: .github/workflows/auto-translate.yml, Status: completed, Conclusion: failure, Created: 2026-01-30T12:26:31Z
⚠️ 发现失败的运行!
获取失败运行 21516232710 的详细信息...
  - Job: translate-docs, Conclusion: failure
获取失败运行 21515981984 的详细信息...
  - Job: translate-docs, Conclusion: failure
获取失败运行 21515920145 的详细信息...
获取失败运行 21515773493 的详细信息...
下次检查将在 15 分钟后进行...
===================================
检查时间: Fri Jan 30 21:35:57 CST 2026
找到 5 个最近的运行:
- ID: 21516280195, Name: Auto Translate OpenClaw Docs, Status: in_progress, Conclusion: null, Created: 2026-01-30T12:45:33Z
- ID: 21516232710, Name: Auto Translate OpenClaw Docs, Status: completed, Conclusion: failure, Created: 2026-01-30T12:43:48Z
- ID: 21515981984, Name: Auto Translate OpenClaw Docs, Status: completed, Conclusion: failure, Created: 2026-01-30T12:34:23Z
- ID: 21515920145, Name: .github/workflows/auto-translate.yml, Status: completed, Conclusion: failure, Created: 2026-01-30T12:32:06Z
- ID: 21515773493, Name: .github/workflows/auto-translate.yml, Status: completed, Conclusion: failure, Created: 2026-01-30T12:26:31Z
⚠️ 发现失败的运行!
获取失败运行 21516232710 的详细信息...
  - Job: translate-docs, Conclusion: failure
获取失败运行 21515981984 的详细信息...
  - Job: translate-docs, Conclusion: failure
获取失败运行 21515920145 的详细信息...
获取失败运行 21515773493 的详细信息...
下次检查将在 15 分钟后进行...
===================================
检查时间: Fri Jan 30 21:51:11 CST 2026
找到 5 个最近的运行:
- ID: 21516280195, Name: Auto Translate OpenClaw Docs, Status: in_progress, Conclusion: null, Created: 2026-01-30T12:45:33Z
- ID: 21516232710, Name: Auto Translate OpenClaw Docs, Status: completed, Conclusion: failure, Created: 2026-01-30T12:43:48Z
- ID: 21515981984, Name: Auto Translate OpenClaw Docs, Status: completed, Conclusion: failure, Created: 2026-01-30T12:34:23Z
- ID: 21515920145, Name: .github/workflows/auto-translate.yml, Status: completed, Conclusion: failure, Created: 2026-01-30T12:32:06Z
- ID: 21515773493, Name: .github/workflows/auto-translate.yml, Status: completed, Conclusion: failure, Created: 2026-01-30T12:26:31Z
⚠️ 发现失败的运行!
获取失败运行 21516232710 的详细信息...
  - Job: translate-docs, Conclusion: failure
获取失败运行 21515981984 的详细信息...
  - Job: translate-docs, Conclusion: failure
获取失败运行 21515920145 的详细信息...
获取失败运行 21515773493 的详细信息...
下次检查将在 15 分钟后进行...
===================================
检查时间: Fri Jan 30 22:06:23 CST 2026
找到 5 个最近的运行:
- ID: 21518288790, Name: Auto Translate OpenClaw Docs, Status: in_progress, Conclusion: null, Created: 2026-01-30T13:58:18Z
- ID: 21516280195, Name: Auto Translate OpenClaw Docs, Status: in_progress, Conclusion: null, Created: 2026-01-30T12:45:33Z
- ID: 21516232710, Name: Auto Translate OpenClaw Docs, Status: completed, Conclusion: failure, Created: 2026-01-30T12:43:48Z
- ID: 21515981984, Name: Auto Translate OpenClaw Docs, Status: completed, Conclusion: failure, Created: 2026-01-30T12:34:23Z
- ID: 21515920145, Name: .github/workflows/auto-translate.yml, Status: completed, Conclusion: failure, Created: 2026-01-30T12:32:06Z
⚠️ 发现失败的运行!
获取失败运行 21516232710 的详细信息...
  - Job: translate-docs, Conclusion: failure
获取失败运行 21515981984 的详细信息...
  - Job: translate-docs, Conclusion: failure
获取失败运行 21515920145 的详细信息...
下次检查将在 15 分钟后进行...
===================================
检查时间: Fri Jan 30 22:21:33 CST 2026
找到 5 个最近的运行:
- ID: 21516280195, Name: Auto Translate OpenClaw Docs, Status: in_progress, Conclusion: null, Created: 2026-01-30T12:45:33Z
- ID: 21516232710, Name: Auto Translate OpenClaw Docs, Status: completed, Conclusion: failure, Created: 2026-01-30T12:43:48Z
- ID: 21515981984, Name: Auto Translate OpenClaw Docs, Status: completed, Conclusion: failure, Created: 2026-01-30T12:34:23Z
- ID: 21515920145, Name: .github/workflows/auto-translate.yml, Status: completed, Conclusion: failure, Created: 2026-01-30T12:32:06Z
- ID: 21515773493, Name: .github/workflows/auto-translate.yml, Status: completed, Conclusion: failure, Created: 2026-01-30T12:26:31Z
⚠️ 发现失败的运行!
获取失败运行 21516232710 的详细信息...
  - Job: translate-docs, Conclusion: failure
获取失败运行 21515981984 的详细信息...
  - Job: translate-docs, Conclusion: failure
获取失败运行 21515920145 的详细信息...
获取失败运行 21515773493 的详细信息...
下次检查将在 15 分钟后进行...
===================================
检查时间: Fri Jan 30 22:36:46 CST 2026
找到 5 个最近的运行:
- ID: 21516280195, Name: Auto Translate OpenClaw Docs, Status: completed, Conclusion: failure, Created: 2026-01-30T12:45:33Z
- ID: 21516232710, Name: Auto Translate OpenClaw Docs, Status: completed, Conclusion: failure, Created: 2026-01-30T12:43:48Z
- ID: 21515981984, Name: Auto Translate OpenClaw Docs, Status: completed, Conclusion: failure, Created: 2026-01-30T12:34:23Z
- ID: 21515920145, Name: .github/workflows/auto-translate.yml, Status: completed, Conclusion: failure, Created: 2026-01-30T12:32:06Z
- ID: 21515773493, Name: .github/workflows/auto-translate.yml, Status: completed, Conclusion: failure, Created: 2026-01-30T12:26:31Z
⚠️ 发现失败的运行!
获取失败运行 21516280195 的详细信息...
  - Job: translate-docs, Conclusion: failure
获取失败运行 21516232710 的详细信息...
  - Job: translate-docs, Conclusion: failure
获取失败运行 21515981984 的详细信息...
  - Job: translate-docs, Conclusion: failure
获取失败运行 21515920145 的详细信息...
获取失败运行 21515773493 的详细信息...
下次检查将在 15 分钟后进行...
===================================
检查时间: Fri Jan 30 22:52:00 CST 2026
找到 5 个最近的运行:
- ID: 21519805059, Name: Auto Translate OpenClaw Docs, Status: in_progress, Conclusion: null, Created: 2026-01-30T14:48:01Z
- ID: 21516280195, Name: Auto Translate OpenClaw Docs, Status: completed, Conclusion: failure, Created: 2026-01-30T12:45:33Z
- ID: 21516232710, Name: Auto Translate OpenClaw Docs, Status: completed, Conclusion: failure, Created: 2026-01-30T12:43:48Z
- ID: 21515981984, Name: Auto Translate OpenClaw Docs, Status: completed, Conclusion: failure, Created: 2026-01-30T12:34:23Z
- ID: 21515920145, Name: .github/workflows/auto-translate.yml, Status: completed, Conclusion: failure, Created: 2026-01-30T12:32:06Z
⚠️ 发现失败的运行!
获取失败运行 21516280195 的详细信息...
  - Job: translate-docs, Conclusion: failure
获取失败运行 21516232710 的详细信息...
  - Job: translate-docs, Conclusion: failure
获取失败运行 21515981984 的详细信息...
  - Job: translate-docs, Conclusion: failure
获取失败运行 21515920145 的详细信息...
下次检查将在 15 分钟后进行...
===================================
检查时间: Fri Jan 30 23:07:12 CST 2026
找到 5 个最近的运行:
- ID: 21519805059, Name: Auto Translate OpenClaw Docs, Status: in_progress, Conclusion: null, Created: 2026-01-30T14:48:01Z
- ID: 21516280195, Name: Auto Translate OpenClaw Docs, Status: completed, Conclusion: failure, Created: 2026-01-30T12:45:33Z
- ID: 21516232710, Name: Auto Translate OpenClaw Docs, Status: completed, Conclusion: failure, Created: 2026-01-30T12:43:48Z
- ID: 21515981984, Name: Auto Translate OpenClaw Docs, Status: completed, Conclusion: failure, Created: 2026-01-30T12:34:23Z
- ID: 21515920145, Name: .github/workflows/auto-translate.yml, Status: completed, Conclusion: failure, Created: 2026-01-30T12:32:06Z
⚠️ 发现失败的运行!
获取失败运行 21516280195 的详细信息...
  - Job: translate-docs, Conclusion: failure
获取失败运行 21516232710 的详细信息...
  - Job: translate-docs, Conclusion: failure
获取失败运行 21515981984 的详细信息...
  - Job: translate-docs, Conclusion: failure
获取失败运行 21515920145 的详细信息...
下次检查将在 15 分钟后进行...
===================================
检查时间: Fri Jan 30 23:22:24 CST 2026
找到 5 个最近的运行:
- ID: 21519805059, Name: Auto Translate OpenClaw Docs, Status: in_progress, Conclusion: null, Created: 2026-01-30T14:48:01Z
- ID: 21516280195, Name: Auto Translate OpenClaw Docs, Status: completed, Conclusion: failure, Created: 2026-01-30T12:45:33Z
- ID: 21516232710, Name: Auto Translate OpenClaw Docs, Status: completed, Conclusion: failure, Created: 2026-01-30T12:43:48Z
- ID: 21515981984, Name: Auto Translate OpenClaw Docs, Status: completed, Conclusion: failure, Created: 2026-01-30T12:34:23Z
- ID: 21515920145, Name: .github/workflows/auto-translate.yml, Status: completed, Conclusion: failure, Created: 2026-01-30T12:32:06Z
⚠️ 发现失败的运行!
获取失败运行 21516280195 的详细信息...
  - Job: translate-docs, Conclusion: failure
获取失败运行 21516232710 的详细信息...
  - Job: translate-docs, Conclusion: failure
获取失败运行 21515981984 的详细信息...
  - Job: translate-docs, Conclusion: failure
获取失败运行 21515920145 的详细信息...
jq: error (at <stdin>:5): Cannot iterate over null (null)
下次检查将在 15 分钟后进行...
===================================
检查时间: Fri Jan 30 23:37:39 CST 2026
找到 1 个最近的运行:
- ID: 21519805059, Name: Auto Translate OpenClaw Docs, Status: in_progress, Conclusion: null, Created: 2026-01-30T14:48:01Z
✅ 所有运行都成功或仍在进行中
下次检查将在 15 分钟后进行...
